<?xml version="1.0" encoding="UTF-8"?>
<!-- Generated by org.testng.reporters.JUnitReportReporter -->
<testsuite hostname="DESKTOP-CCPG5IB" failures="0" tests="2" name="mavensoft.TFP" time="19.856" errors="0" timestamp="2022-03-24T10:07:58 IST" skipped="0">
  <testcase classname="mavensoft.TFP" name="login" time="16.402"/>
  <system-out/>
  <testcase classname="mavensoft.TFP" name="logout" time="3.454"/>
  <system-out/>
</testsuite> <!-- mavensoft.TFP -->
