<?xml version="1.0" encoding="UTF-8"?>
<!-- Generated by org.testng.reporters.JUnitReportReporter -->
<testsuite hostname="DESKTOP-CCPG5IB" failures="0" tests="2" name="mavensoft.ReadycarPaints" time="44.675" errors="0" timestamp="2022-03-23T22:47:00 IST" skipped="0">
  <testcase classname="mavensoft.ReadycarPaints" name="logout" time="15.125"/>
  <system-out/>
  <testcase classname="mavensoft.ReadycarPaints" name="login" time="29.550"/>
  <system-out/>
</testsuite> <!-- mavensoft.ReadycarPaints -->
