<?xml version="1.0" encoding="UTF-8"?>
<!-- Generated by org.testng.reporters.JUnitReportReporter -->
<testsuite hostname="DESKTOP-CCPG5IB" failures="0" tests="2" name="mavensoft.SudhakarPipes" time="169.463" errors="0" timestamp="2022-03-23T22:47:01 IST" skipped="0">
  <testcase classname="mavensoft.SudhakarPipes" name="login" time="166.592"/>
  <system-out/>
  <testcase classname="mavensoft.SudhakarPipes" name="logout" time="2.871"/>
  <system-out/>
</testsuite> <!-- mavensoft.SudhakarPipes -->
